INFO: 2024/10/16 11:59:54 logger.go:33: Бот запущен
INFO: 2024/10/16 11:59:56 logger.go:37: Данные для bitcoin успешно сохранены: $67181.00

INFO: 2024/10/16 11:59:56 logger.go:37: Данные для ethereum успешно сохранены: $2611.84

INFO: 2024/10/16 11:59:57 logger.go:37: Авторизация на аккаунт ThebestcurrencyBot
INFO: 2024/10/16 12:04:59 logger.go:37: Данные для bitcoin успешно сохранены: $67129.00

INFO: 2024/10/16 12:04:59 logger.go:37: Данные для ethereum успешно сохранены: $2609.33

INFO: 2024/10/16 12:16:53 logger.go:33: Бот запущен
INFO: 2024/10/16 12:16:56 logger.go:38: Авторизация на аккаунт ThebestcurrencyBot
INFO: 2024/10/16 12:16:58 logger.go:38: Декодирование прошло успешно
INFO: 2024/10/16 12:16:58 logger.go:38: Данные для bitcoin успешно сохранены: $67130.00

INFO: 2024/10/16 12:16:58 logger.go:38: Данные для ethereum успешно сохранены: $2611.48

INFO: 2024/10/16 12:22:01 logger.go:38: Декодирование прошло успешно
INFO: 2024/10/16 12:22:01 logger.go:38: Данные для bitcoin успешно сохранены: $67180.00

INFO: 2024/10/16 12:22:01 logger.go:38: Данные для ethereum успешно сохранены: $2612.76

INFO: 2024/10/16 12:27:03 logger.go:38: Декодирование прошло успешно
INFO: 2024/10/16 12:27:03 logger.go:38: Данные для bitcoin успешно сохранены: $67123.00

INFO: 2024/10/16 12:27:03 logger.go:38: Данные для ethereum успешно сохранены: $2610.82

INFO: 2024/10/16 12:32:05 logger.go:38: Декодирование прошло успешно
INFO: 2024/10/16 12:32:05 logger.go:38: Данные для ethereum успешно сохранены: $2612.03

INFO: 2024/10/16 12:32:05 logger.go:38: Данные для bitcoin успешно сохранены: $67143.00

INFO: 2024/10/16 12:37:07 logger.go:38: Декодирование прошло успешно
INFO: 2024/10/16 12:37:07 logger.go:38: Данные для bitcoin успешно сохранены: $67405.00

INFO: 2024/10/16 12:37:07 logger.go:38: Данные для ethereum успешно сохранены: $2622.56

INFO: 2024/10/16 12:42:09 logger.go:38: Декодирование прошло успешно
INFO: 2024/10/16 12:42:09 logger.go:38: Данные для bitcoin успешно сохранены: $67446.00

INFO: 2024/10/16 12:42:09 logger.go:38: Данные для ethereum успешно сохранены: $2621.39

